Started GET "/menuprincipal" for 127.0.0.1 at 2017-11-02 16:33:48 +0800
  
ActionController::RoutingError (No route matches [GET] "/menuprincipal"):
  
actionpack (5.0.5) lib/action_dispatch/middleware/debug_exceptions.rb:53:in `call'
web-console (3.5.1) lib/web_console/middleware.rb:135:in `call_app'
web-console (3.5.1) lib/web_console/middleware.rb:28:in `block in call'
web-console (3.5.1) lib/web_console/middleware.rb:18:in `catch'
web-console (3.5.1) lib/web_console/middleware.rb:18:in `call'
actionpack (5.0.5) lib/action_dispatch/middleware/show_exceptions.rb:31:in `call'
railties (5.0.5) lib/rails/rack/logger.rb:36:in `call_app'
railties (5.0.5) lib/rails/rack/logger.rb:24:in `block in call'
activesupport (5.0.5) lib/active_support/tagged_logging.rb:69:in `block in tagged'
activesupport (5.0.5) lib/active_support/tagged_logging.rb:26:in `tagged'
activesupport (5.0.5) lib/active_support/tagged_logging.rb:69:in `tagged'
railties (5.0.5) lib/rails/rack/logger.rb:24:in `call'
sprockets-rails (3.2.0) lib/sprockets/rails/quiet_assets.rb:13:in `call'
actionpack (5.0.5) lib/action_dispatch/middleware/request_id.rb:24:in `call'
rack (2.0.3) lib/rack/method_override.rb:22:in `call'
rack (2.0.3) lib/rack/runtime.rb:22:in `call'
activesupport (5.0.5) lib/active_support/cache/strategy/local_cache_middleware.rb:28:in `call'
actionpack (5.0.5) lib/action_dispatch/middleware/executor.rb:12:in `call'
actionpack (5.0.5) lib/action_dispatch/middleware/static.rb:136:in `call'
rack (2.0.3) lib/rack/sendfile.rb:111:in `call'
railties (5.0.5) lib/rails/engine.rb:522:in `call'
puma (3.10.0) lib/puma/configuration.rb:225:in `call'
puma (3.10.0) lib/puma/server.rb:605:in `handle_request'
puma (3.10.0) lib/puma/server.rb:437:in `process_client'
puma (3.10.0) lib/puma/server.rb:301:in `block in run'
puma (3.10.0) lib/puma/thread_pool.rb:120:in `block in spawn_thread'
  Rendering /var/lib/gems/2.3.0/gems/actionpack-5.0.5/lib/action_dispatch/middleware/templates/rescues/routing_error.html.erb within rescues/layout
  Rendering /var/lib/gems/2.3.0/gems/actionpack-5.0.5/lib/action_dispatch/middleware/templates/rescues/_trace.html.erb
  Rendered /var/lib/gems/2.3.0/gems/actionpack-5.0.5/lib/action_dispatch/middleware/templates/rescues/_trace.html.erb (1.1ms)
  Rendered /var/lib/gems/2.3.0/gems/actionpack-5.0.5/lib/action_dispatch/middleware/templates/routes/_table.html.erb (8.7ms)
  Rendering /var/lib/gems/2.3.0/gems/actionpack-5.0.5/lib/action_dispatch/middleware/templates/rescues/_request_and_response.html.erb
  Rendered /var/lib/gems/2.3.0/gems/actionpack-5.0.5/lib/action_dispatch/middleware/templates/rescues/_request_and_response.html.erb (9.8ms)
  Rendered /var/lib/gems/2.3.0/gems/actionpack-5.0.5/lib/action_dispatch/middleware/templates/rescues/routing_error.html.erb within rescues/layout (55.8ms)
Started GET "/" for 127.0.0.1 at 2017-11-02 16:33:50 +0800
Processing by Rails::WelcomeController#index as HTML
  Parameters: {"internal"=>true}
  Rendering /var/lib/gems/2.3.0/gems/railties-5.0.5/lib/rails/templates/rails/welcome/index.html.erb
  Rendered /var/lib/gems/2.3.0/gems/railties-5.0.5/lib/rails/templates/rails/welcome/index.html.erb (2.8ms)
Completed 200 OK in 28ms (Views: 4.3ms | ActiveRecord: 0.0ms)


  [1m[35m (15.1ms)[0m  [1m[35mCREATE TABLE "schema_migrations" ("version" varchar NOT NULL PRIMARY KEY)[0m
  [1m[35m (16.4ms)[0m  [1m[35mCREATE TABLE "ar_internal_metadata" ("key" varchar NOT NULL PRIMARY KEY, "value" varchar, "created_at" datetime NOT NULL, "updated_at" datetime NOT NULL)[0m
  [1m[36mActiveRecord::InternalMetadata Load (0.2ms)[0m  [1m[34mSELECT  "ar_internal_metadata".* FROM "ar_internal_metadata" WHERE "ar_internal_metadata"."key" = ? LIMIT ?[0m  [["key", "environment"], ["LIMIT", 1]]
  [1m[35m (0.1ms)[0m  [1m[36mbegin transaction[0m
  [1m[35mSQL (0.2ms)[0m  [1m[32mINSERT INTO "ar_internal_metadata" ("key", "value", "created_at", "updated_at") VALUES (?, ?, ?, ?)[0m  [["key", "environment"], ["value", "development"], ["created_at", "2017-11-02 08:40:38.466221"], ["updated_at", "2017-11-02 08:40:38.466221"]]
  [1m[35m (9.5ms)[0m  [1m[36mcommit transaction[0m
  [1m[36mActiveRecord::SchemaMigration Load (0.1ms)[0m  [1m[34mSELECT "schema_migrations".* FROM "schema_migrations"[0m
